<?xml version="1.0" encoding="UTF-8"?>
<!-- Generated by org.testng.reporters.JUnitXMLReporter -->
<testsuite ignored="0" hostname="Sudhakar-PC" failures="1" tests="1" name="Test2" time="51.071" errors="0" timestamp="02 Oct 2019 00:06:19 GMT">
  <testcase classname="PDF_Emailable_Report2.TC01_Test1" name="PDFReport1" time="48.295">
    <failure type="java.lang.AssertionError" message="expected [true] but found [false]">
      <![CDATA[java.lang.AssertionError: expected [true] but found [false]
at PDF_Emailable_Report2.TC01_Test1.PDFReport1(TC01_Test1.java:26)
... Removed 29 stack frames]]>
    </failure>
  </testcase> <!-- PDFReport1 -->
</testsuite> <!-- Test2 -->
